Determining if the pthread_create exist failed with the following output:
Change Dir: /home/workspace/submission/script/build/CMakeFiles/CMakeTmp

Run Build Command:"/usr/bin/make" "cmTC_25fae/fast"
/usr/bin/make -f CMakeFiles/cmTC_25fae.dir/build.make CMakeFiles/cmTC_25fae.dir/build
make[1]: Entering directory '/home/workspace/submission/script/build/CMakeFiles/CMakeTmp'
Building C object CMakeFiles/cmTC_25fae.dir/CheckSymbolExists.c.o
/usr/bin/cc     -o CMakeFiles/cmTC_25fae.dir/CheckSymbolExists.c.o   -c /home/workspace/submission/script/build/CMakeFiles/CMakeTmp/CheckSymbolExists.c
Linking C executable cmTC_25fae
/usr/bin/cmake -E cmake_link_script CMakeFiles/cmTC_25fae.dir/link.txt --verbose=1
/usr/bin/cc       CMakeFiles/cmTC_25fae.dir/CheckSymbolExists.c.o  -o cmTC_25fae -rdynamic 
CMakeFiles/cmTC_25fae.dir/CheckSymbolExists.c.o: In function `main':
CheckSymbolExists.c:(.text+0x16): undefined reference to `pthread_create'
collect2: error: ld returned 1 exit status
CMakeFiles/cmTC_25fae.dir/build.make:97: recipe for target 'cmTC_25fae' failed
make[1]: *** [cmTC_25fae] Error 1
make[1]: Leaving directory '/home/workspace/submission/script/build/CMakeFiles/CMakeTmp'
Makefile:126: recipe for target 'cmTC_25fae/fast' failed
make: *** [cmTC_25fae/fast] Error 2

File /home/workspace/submission/script/build/CMakeFiles/CMakeTmp/CheckSymbolExists.c:
/* */
#include <pthread.h>

int main(int argc, char** argv)
{
  (void)argv;
#ifndef pthread_create
  return ((int*)(&pthread_create))[argc];
#else
  (void)argc;
  return 0;
#endif
}

Determining if the function pthread_create exists in the pthreads failed with the following output:
Change Dir: /home/workspace/submission/script/build/CMakeFiles/CMakeTmp

Run Build Command:"/usr/bin/make" "cmTC_c77bc/fast"
/usr/bin/make -f CMakeFiles/cmTC_c77bc.dir/build.make CMakeFiles/cmTC_c77bc.dir/build
make[1]: Entering directory '/home/workspace/submission/script/build/CMakeFiles/CMakeTmp'
Building C object CMakeFiles/cmTC_c77bc.dir/CheckFunctionExists.c.o
/usr/bin/cc    -DCHECK_FUNCTION_EXISTS=pthread_create   -o CMakeFiles/cmTC_c77bc.dir/CheckFunctionExists.c.o   -c /usr/share/cmake-3.5/Modules/CheckFunctionExists.c
Linking C executable cmTC_c77bc
/usr/bin/cmake -E cmake_link_script CMakeFiles/cmTC_c77bc.dir/link.txt --verbose=1
/usr/bin/cc   -DCHECK_FUNCTION_EXISTS=pthread_create    CMakeFiles/cmTC_c77bc.dir/CheckFunctionExists.c.o  -o cmTC_c77bc -rdynamic -lpthreads 
/usr/bin/ld: cannot find -lpthreads
collect2: error: ld returned 1 exit status
CMakeFiles/cmTC_c77bc.dir/build.make:97: recipe for target 'cmTC_c77bc' failed
make[1]: *** [cmTC_c77bc] Error 1
make[1]: Leaving directory '/home/workspace/submission/script/build/CMakeFiles/CMakeTmp'
Makefile:126: recipe for target 'cmTC_c77bc/fast' failed
make: *** [cmTC_c77bc/fast] Error 2


